c Fichier obtenu par transformation de Tseitin
c Association noms de variables / numéro de variables :
c	ls_0_0_0 :	1
c	ls_0_0_1 :	2
c	ls_0_0_2 :	3
c	ls_0_0_3 :	4
c	ls_0_1_0 :	8
c	ls_0_1_1 :	9
c	ls_0_1_2 :	10
c	ls_0_1_3 :	11
c	ls_0_2_0 :	15
c	ls_0_2_1 :	16
c	ls_0_2_2 :	17
c	ls_0_2_3 :	18
c	ls_0_3_0 :	22
c	ls_0_3_1 :	23
c	ls_0_3_2 :	24
c	ls_0_3_3 :	25
c	ls_1_0_0 :	29
c	ls_1_0_1 :	30
c	ls_1_0_2 :	31
c	ls_1_0_3 :	32
c	ls_1_1_0 :	36
c	ls_1_1_1 :	37
c	ls_1_1_2 :	38
c	ls_1_1_3 :	39
c	ls_1_2_0 :	43
c	ls_1_2_1 :	44
c	ls_1_2_2 :	45
c	ls_1_2_3 :	46
c	ls_1_3_0 :	50
c	ls_1_3_1 :	51
c	ls_1_3_2 :	52
c	ls_1_3_3 :	53
c	ls_2_0_0 :	57
c	ls_2_0_1 :	58
c	ls_2_0_2 :	59
c	ls_2_0_3 :	60
c	ls_2_1_0 :	64
c	ls_2_1_1 :	65
c	ls_2_1_2 :	66
c	ls_2_1_3 :	67
c	ls_2_2_0 :	71
c	ls_2_2_1 :	72
c	ls_2_2_2 :	73
c	ls_2_2_3 :	74
c	ls_2_3_0 :	78
c	ls_2_3_1 :	79
c	ls_2_3_2 :	80
c	ls_2_3_3 :	81
c	ls_3_0_0 :	85
c	ls_3_0_1 :	86
c	ls_3_0_2 :	87
c	ls_3_0_3 :	88
c	ls_3_1_0 :	92
c	ls_3_1_1 :	93
c	ls_3_1_2 :	94
c	ls_3_1_3 :	95
c	ls_3_2_0 :	99
c	ls_3_2_1 :	100
c	ls_3_2_2 :	101
c	ls_3_2_3 :	102
c	ls_3_3_0 :	106
c	ls_3_3_1 :	107
c	ls_3_3_2 :	108
c	ls_3_3_3 :	109
p cnf 639 1534
-5  3  4  0 
 5 -3  0 
 5 -4  0 
-6  2  5  0 
 6 -2  0 
 6 -5  0 
-7  1  6  0 
 7 -1  0 
 7 -6  0 
-12  10  11  0 
 12 -10  0 
 12 -11  0 
-13  9  12  0 
 13 -9  0 
 13 -12  0 
-14  8  13  0 
 14 -8  0 
 14 -13  0 
-19  17  18  0 
 19 -17  0 
 19 -18  0 
-20  16  19  0 
 20 -16  0 
 20 -19  0 
-21  15  20  0 
 21 -15  0 
 21 -20  0 
-26  24  25  0 
 26 -24  0 
 26 -25  0 
-27  23  26  0 
 27 -23  0 
 27 -26  0 
-28  22  27  0 
 28 -22  0 
 28 -27  0 
-33  31  32  0 
 33 -31  0 
 33 -32  0 
-34  30  33  0 
 34 -30  0 
 34 -33  0 
-35  29  34  0 
 35 -29  0 
 35 -34  0 
-40  38  39  0 
 40 -38  0 
 40 -39  0 
-41  37  40  0 
 41 -37  0 
 41 -40  0 
-42  36  41  0 
 42 -36  0 
 42 -41  0 
-47  45  46  0 
 47 -45  0 
 47 -46  0 
-48  44  47  0 
 48 -44  0 
 48 -47  0 
-49  43  48  0 
 49 -43  0 
 49 -48  0 
-54  52  53  0 
 54 -52  0 
 54 -53  0 
-55  51  54  0 
 55 -51  0 
 55 -54  0 
-56  50  55  0 
 56 -50  0 
 56 -55  0 
-61  59  60  0 
 61 -59  0 
 61 -60  0 
-62  58  61  0 
 62 -58  0 
 62 -61  0 
-63  57  62  0 
 63 -57  0 
 63 -62  0 
-68  66  67  0 
 68 -66  0 
 68 -67  0 
-69  65  68  0 
 69 -65  0 
 69 -68  0 
-70  64  69  0 
 70 -64  0 
 70 -69  0 
-75  73  74  0 
 75 -73  0 
 75 -74  0 
-76  72  75  0 
 76 -72  0 
 76 -75  0 
-77  71  76  0 
 77 -71  0 
 77 -76  0 
-82  80  81  0 
 82 -80  0 
 82 -81  0 
-83  79  82  0 
 83 -79  0 
 83 -82  0 
-84  78  83  0 
 84 -78  0 
 84 -83  0 
-89  87  88  0 
 89 -87  0 
 89 -88  0 
-90  86  89  0 
 90 -86  0 
 90 -89  0 
-91  85  90  0 
 91 -85  0 
 91 -90  0 
-96  94  95  0 
 96 -94  0 
 96 -95  0 
-97  93  96  0 
 97 -93  0 
 97 -96  0 
-98  92  97  0 
 98 -92  0 
 98 -97  0 
-103  101  102  0 
 103 -101  0 
 103 -102  0 
-104  100  103  0 
 104 -100  0 
 104 -103  0 
-105  99  104  0 
 105 -99  0 
 105 -104  0 
-110  108  109  0 
 110 -108  0 
 110 -109  0 
-111  107  110  0 
 111 -107  0 
 111 -110  0 
-112  106  111  0 
 112 -106  0 
 112 -111  0 
-113  15  22  0 
 113 -15  0 
 113 -22  0 
-114  8  113  0 
 114 -8  0 
 114 -113  0 
-115  1  114  0 
 115 -1  0 
 115 -114  0 
-116  16  23  0 
 116 -16  0 
 116 -23  0 
-117  9  116  0 
 117 -9  0 
 117 -116  0 
-118  2  117  0 
 118 -2  0 
 118 -117  0 
-119  17  24  0 
 119 -17  0 
 119 -24  0 
-120  10  119  0 
 120 -10  0 
 120 -119  0 
-121  3  120  0 
 121 -3  0 
 121 -120  0 
-122  18  25  0 
 122 -18  0 
 122 -25  0 
-123  11  122  0 
 123 -11  0 
 123 -122  0 
-124  4  123  0 
 124 -4  0 
 124 -123  0 
-125  43  50  0 
 125 -43  0 
 125 -50  0 
-126  36  125  0 
 126 -36  0 
 126 -125  0 
-127  29  126  0 
 127 -29  0 
 127 -126  0 
-128  44  51  0 
 128 -44  0 
 128 -51  0 
-129  37  128  0 
 129 -37  0 
 129 -128  0 
-130  30  129  0 
 130 -30  0 
 130 -129  0 
-131  45  52  0 
 131 -45  0 
 131 -52  0 
-132  38  131  0 
 132 -38  0 
 132 -131  0 
-133  31  132  0 
 133 -31  0 
 133 -132  0 
-134  46  53  0 
 134 -46  0 
 134 -53  0 
-135  39  134  0 
 135 -39  0 
 135 -134  0 
-136  32  135  0 
 136 -32  0 
 136 -135  0 
-137  71  78  0 
 137 -71  0 
 137 -78  0 
-138  64  137  0 
 138 -64  0 
 138 -137  0 
-139  57  138  0 
 139 -57  0 
 139 -138  0 
-140  72  79  0 
 140 -72  0 
 140 -79  0 
-141  65  140  0 
 141 -65  0 
 141 -140  0 
-142  58  141  0 
 142 -58  0 
 142 -141  0 
-143  73  80  0 
 143 -73  0 
 143 -80  0 
-144  66  143  0 
 144 -66  0 
 144 -143  0 
-145  59  144  0 
 145 -59  0 
 145 -144  0 
-146  74  81  0 
 146 -74  0 
 146 -81  0 
-147  67  146  0 
 147 -67  0 
 147 -146  0 
-148  60  147  0 
 148 -60  0 
 148 -147  0 
-149  99  106  0 
 149 -99  0 
 149 -106  0 
-150  92  149  0 
 150 -92  0 
 150 -149  0 
-151  85  150  0 
 151 -85  0 
 151 -150  0 
-152  100  107  0 
 152 -100  0 
 152 -107  0 
-153  93  152  0 
 153 -93  0 
 153 -152  0 
-154  86  153  0 
 154 -86  0 
 154 -153  0 
-155  101  108  0 
 155 -101  0 
 155 -108  0 
-156  94  155  0 
 156 -94  0 
 156 -155  0 
-157  87  156  0 
 157 -87  0 
 157 -156  0 
-158  102  109  0 
 158 -102  0 
 158 -109  0 
-159  95  158  0 
 159 -95  0 
 159 -158  0 
-160  88  159  0 
 160 -88  0 
 160 -159  0 
-161  57  85  0 
 161 -57  0 
 161 -85  0 
-162  29  161  0 
 162 -29  0 
 162 -161  0 
-163  1  162  0 
 163 -1  0 
 163 -162  0 
-164  58  86  0 
 164 -58  0 
 164 -86  0 
-165  30  164  0 
 165 -30  0 
 165 -164  0 
-166  2  165  0 
 166 -2  0 
 166 -165  0 
-167  59  87  0 
 167 -59  0 
 167 -87  0 
-168  31  167  0 
 168 -31  0 
 168 -167  0 
-169  3  168  0 
 169 -3  0 
 169 -168  0 
-170  60  88  0 
 170 -60  0 
 170 -88  0 
-171  32  170  0 
 171 -32  0 
 171 -170  0 
-172  4  171  0 
 172 -4  0 
 172 -171  0 
-173  64  92  0 
 173 -64  0 
 173 -92  0 
-174  36  173  0 
 174 -36  0 
 174 -173  0 
-175  8  174  0 
 175 -8  0 
 175 -174  0 
-176  65  93  0 
 176 -65  0 
 176 -93  0 
-177  37  176  0 
 177 -37  0 
 177 -176  0 
-178  9  177  0 
 178 -9  0 
 178 -177  0 
-179  66  94  0 
 179 -66  0 
 179 -94  0 
-180  38  179  0 
 180 -38  0 
 180 -179  0 
-181  10  180  0 
 181 -10  0 
 181 -180  0 
-182  67  95  0 
 182 -67  0 
 182 -95  0 
-183  39  182  0 
 183 -39  0 
 183 -182  0 
-184  11  183  0 
 184 -11  0 
 184 -183  0 
-185  71  99  0 
 185 -71  0 
 185 -99  0 
-186  43  185  0 
 186 -43  0 
 186 -185  0 
-187  15  186  0 
 187 -15  0 
 187 -186  0 
-188  72  100  0 
 188 -72  0 
 188 -100  0 
-189  44  188  0 
 189 -44  0 
 189 -188  0 
-190  16  189  0 
 190 -16  0 
 190 -189  0 
-191  73  101  0 
 191 -73  0 
 191 -101  0 
-192  45  191  0 
 192 -45  0 
 192 -191  0 
-193  17  192  0 
 193 -17  0 
 193 -192  0 
-194  74  102  0 
 194 -74  0 
 194 -102  0 
-195  46  194  0 
 195 -46  0 
 195 -194  0 
-196  18  195  0 
 196 -18  0 
 196 -195  0 
-197  78  106  0 
 197 -78  0 
 197 -106  0 
-198  50  197  0 
 198 -50  0 
 198 -197  0 
-199  22  198  0 
 199 -22  0 
 199 -198  0 
-200  79  107  0 
 200 -79  0 
 200 -107  0 
-201  51  200  0 
 201 -51  0 
 201 -200  0 
-202  23  201  0 
 202 -23  0 
 202 -201  0 
-203  80  108  0 
 203 -80  0 
 203 -108  0 
-204  52  203  0 
 204 -52  0 
 204 -203  0 
-205  24  204  0 
 205 -24  0 
 205 -204  0 
-206  81  109  0 
 206 -81  0 
 206 -109  0 
-207  53  206  0 
 207 -53  0 
 207 -206  0 
-208  25  207  0 
 208 -25  0 
 208 -207  0 
-209 -1  0 
 209  1  0 
-210 -2  0 
 210  2  0 
-211  209  210  0 
 211 -209  0 
 211 -210  0 
-212 -1  0 
 212  1  0 
-213 -3  0 
 213  3  0 
-214  212  213  0 
 214 -212  0 
 214 -213  0 
-215 -1  0 
 215  1  0 
-216 -4  0 
 216  4  0 
-217  215  216  0 
 217 -215  0 
 217 -216  0 
-218 -2  0 
 218  2  0 
-219 -3  0 
 219  3  0 
-220  218  219  0 
 220 -218  0 
 220 -219  0 
-221 -2  0 
 221  2  0 
-222 -4  0 
 222  4  0 
-223  221  222  0 
 223 -221  0 
 223 -222  0 
-224 -3  0 
 224  3  0 
-225 -4  0 
 225  4  0 
-226  224  225  0 
 226 -224  0 
 226 -225  0 
-227 -8  0 
 227  8  0 
-228 -9  0 
 228  9  0 
-229  227  228  0 
 229 -227  0 
 229 -228  0 
-230 -8  0 
 230  8  0 
-231 -10  0 
 231  10  0 
-232  230  231  0 
 232 -230  0 
 232 -231  0 
-233 -8  0 
 233  8  0 
-234 -11  0 
 234  11  0 
-235  233  234  0 
 235 -233  0 
 235 -234  0 
-236 -9  0 
 236  9  0 
-237 -10  0 
 237  10  0 
-238  236  237  0 
 238 -236  0 
 238 -237  0 
-239 -9  0 
 239  9  0 
-240 -11  0 
 240  11  0 
-241  239  240  0 
 241 -239  0 
 241 -240  0 
-242 -10  0 
 242  10  0 
-243 -11  0 
 243  11  0 
-244  242  243  0 
 244 -242  0 
 244 -243  0 
-245 -15  0 
 245  15  0 
-246 -16  0 
 246  16  0 
-247  245  246  0 
 247 -245  0 
 247 -246  0 
-248 -15  0 
 248  15  0 
-249 -17  0 
 249  17  0 
-250  248  249  0 
 250 -248  0 
 250 -249  0 
-251 -15  0 
 251  15  0 
-252 -18  0 
 252  18  0 
-253  251  252  0 
 253 -251  0 
 253 -252  0 
-254 -16  0 
 254  16  0 
-255 -17  0 
 255  17  0 
-256  254  255  0 
 256 -254  0 
 256 -255  0 
-257 -16  0 
 257  16  0 
-258 -18  0 
 258  18  0 
-259  257  258  0 
 259 -257  0 
 259 -258  0 
-260 -17  0 
 260  17  0 
-261 -18  0 
 261  18  0 
-262  260  261  0 
 262 -260  0 
 262 -261  0 
-263 -22  0 
 263  22  0 
-264 -23  0 
 264  23  0 
-265  263  264  0 
 265 -263  0 
 265 -264  0 
-266 -22  0 
 266  22  0 
-267 -24  0 
 267  24  0 
-268  266  267  0 
 268 -266  0 
 268 -267  0 
-269 -22  0 
 269  22  0 
-270 -25  0 
 270  25  0 
-271  269  270  0 
 271 -269  0 
 271 -270  0 
-272 -23  0 
 272  23  0 
-273 -24  0 
 273  24  0 
-274  272  273  0 
 274 -272  0 
 274 -273  0 
-275 -23  0 
 275  23  0 
-276 -25  0 
 276  25  0 
-277  275  276  0 
 277 -275  0 
 277 -276  0 
-278 -24  0 
 278  24  0 
-279 -25  0 
 279  25  0 
-280  278  279  0 
 280 -278  0 
 280 -279  0 
-281 -29  0 
 281  29  0 
-282 -30  0 
 282  30  0 
-283  281  282  0 
 283 -281  0 
 283 -282  0 
-284 -29  0 
 284  29  0 
-285 -31  0 
 285  31  0 
-286  284  285  0 
 286 -284  0 
 286 -285  0 
-287 -29  0 
 287  29  0 
-288 -32  0 
 288  32  0 
-289  287  288  0 
 289 -287  0 
 289 -288  0 
-290 -30  0 
 290  30  0 
-291 -31  0 
 291  31  0 
-292  290  291  0 
 292 -290  0 
 292 -291  0 
-293 -30  0 
 293  30  0 
-294 -32  0 
 294  32  0 
-295  293  294  0 
 295 -293  0 
 295 -294  0 
-296 -31  0 
 296  31  0 
-297 -32  0 
 297  32  0 
-298  296  297  0 
 298 -296  0 
 298 -297  0 
-299 -36  0 
 299  36  0 
-300 -37  0 
 300  37  0 
-301  299  300  0 
 301 -299  0 
 301 -300  0 
-302 -36  0 
 302  36  0 
-303 -38  0 
 303  38  0 
-304  302  303  0 
 304 -302  0 
 304 -303  0 
-305 -36  0 
 305  36  0 
-306 -39  0 
 306  39  0 
-307  305  306  0 
 307 -305  0 
 307 -306  0 
-308 -37  0 
 308  37  0 
-309 -38  0 
 309  38  0 
-310  308  309  0 
 310 -308  0 
 310 -309  0 
-311 -37  0 
 311  37  0 
-312 -39  0 
 312  39  0 
-313  311  312  0 
 313 -311  0 
 313 -312  0 
-314 -38  0 
 314  38  0 
-315 -39  0 
 315  39  0 
-316  314  315  0 
 316 -314  0 
 316 -315  0 
-317 -43  0 
 317  43  0 
-318 -44  0 
 318  44  0 
-319  317  318  0 
 319 -317  0 
 319 -318  0 
-320 -43  0 
 320  43  0 
-321 -45  0 
 321  45  0 
-322  320  321  0 
 322 -320  0 
 322 -321  0 
-323 -43  0 
 323  43  0 
-324 -46  0 
 324  46  0 
-325  323  324  0 
 325 -323  0 
 325 -324  0 
-326 -44  0 
 326  44  0 
-327 -45  0 
 327  45  0 
-328  326  327  0 
 328 -326  0 
 328 -327  0 
-329 -44  0 
 329  44  0 
-330 -46  0 
 330  46  0 
-331  329  330  0 
 331 -329  0 
 331 -330  0 
-332 -45  0 
 332  45  0 
-333 -46  0 
 333  46  0 
-334  332  333  0 
 334 -332  0 
 334 -333  0 
-335 -50  0 
 335  50  0 
-336 -51  0 
 336  51  0 
-337  335  336  0 
 337 -335  0 
 337 -336  0 
-338 -50  0 
 338  50  0 
-339 -52  0 
 339  52  0 
-340  338  339  0 
 340 -338  0 
 340 -339  0 
-341 -50  0 
 341  50  0 
-342 -53  0 
 342  53  0 
-343  341  342  0 
 343 -341  0 
 343 -342  0 
-344 -51  0 
 344  51  0 
-345 -52  0 
 345  52  0 
-346  344  345  0 
 346 -344  0 
 346 -345  0 
-347 -51  0 
 347  51  0 
-348 -53  0 
 348  53  0 
-349  347  348  0 
 349 -347  0 
 349 -348  0 
-350 -52  0 
 350  52  0 
-351 -53  0 
 351  53  0 
-352  350  351  0 
 352 -350  0 
 352 -351  0 
-353 -57  0 
 353  57  0 
-354 -58  0 
 354  58  0 
-355  353  354  0 
 355 -353  0 
 355 -354  0 
-356 -57  0 
 356  57  0 
-357 -59  0 
 357  59  0 
-358  356  357  0 
 358 -356  0 
 358 -357  0 
-359 -57  0 
 359  57  0 
-360 -60  0 
 360  60  0 
-361  359  360  0 
 361 -359  0 
 361 -360  0 
-362 -58  0 
 362  58  0 
-363 -59  0 
 363  59  0 
-364  362  363  0 
 364 -362  0 
 364 -363  0 
-365 -58  0 
 365  58  0 
-366 -60  0 
 366  60  0 
-367  365  366  0 
 367 -365  0 
 367 -366  0 
-368 -59  0 
 368  59  0 
-369 -60  0 
 369  60  0 
-370  368  369  0 
 370 -368  0 
 370 -369  0 
-371 -64  0 
 371  64  0 
-372 -65  0 
 372  65  0 
-373  371  372  0 
 373 -371  0 
 373 -372  0 
-374 -64  0 
 374  64  0 
-375 -66  0 
 375  66  0 
-376  374  375  0 
 376 -374  0 
 376 -375  0 
-377 -64  0 
 377  64  0 
-378 -67  0 
 378  67  0 
-379  377  378  0 
 379 -377  0 
 379 -378  0 
-380 -65  0 
 380  65  0 
-381 -66  0 
 381  66  0 
-382  380  381  0 
 382 -380  0 
 382 -381  0 
-383 -65  0 
 383  65  0 
-384 -67  0 
 384  67  0 
-385  383  384  0 
 385 -383  0 
 385 -384  0 
-386 -66  0 
 386  66  0 
-387 -67  0 
 387  67  0 
-388  386  387  0 
 388 -386  0 
 388 -387  0 
-389 -71  0 
 389  71  0 
-390 -72  0 
 390  72  0 
-391  389  390  0 
 391 -389  0 
 391 -390  0 
-392 -71  0 
 392  71  0 
-393 -73  0 
 393  73  0 
-394  392  393  0 
 394 -392  0 
 394 -393  0 
-395 -71  0 
 395  71  0 
-396 -74  0 
 396  74  0 
-397  395  396  0 
 397 -395  0 
 397 -396  0 
-398 -72  0 
 398  72  0 
-399 -73  0 
 399  73  0 
-400  398  399  0 
 400 -398  0 
 400 -399  0 
-401 -72  0 
 401  72  0 
-402 -74  0 
 402  74  0 
-403  401  402  0 
 403 -401  0 
 403 -402  0 
-404 -73  0 
 404  73  0 
-405 -74  0 
 405  74  0 
-406  404  405  0 
 406 -404  0 
 406 -405  0 
-407 -78  0 
 407  78  0 
-408 -79  0 
 408  79  0 
-409  407  408  0 
 409 -407  0 
 409 -408  0 
-410 -78  0 
 410  78  0 
-411 -80  0 
 411  80  0 
-412  410  411  0 
 412 -410  0 
 412 -411  0 
-413 -78  0 
 413  78  0 
-414 -81  0 
 414  81  0 
-415  413  414  0 
 415 -413  0 
 415 -414  0 
-416 -79  0 
 416  79  0 
-417 -80  0 
 417  80  0 
-418  416  417  0 
 418 -416  0 
 418 -417  0 
-419 -79  0 
 419  79  0 
-420 -81  0 
 420  81  0 
-421  419  420  0 
 421 -419  0 
 421 -420  0 
-422 -80  0 
 422  80  0 
-423 -81  0 
 423  81  0 
-424  422  423  0 
 424 -422  0 
 424 -423  0 
-425 -85  0 
 425  85  0 
-426 -86  0 
 426  86  0 
-427  425  426  0 
 427 -425  0 
 427 -426  0 
-428 -85  0 
 428  85  0 
-429 -87  0 
 429  87  0 
-430  428  429  0 
 430 -428  0 
 430 -429  0 
-431 -85  0 
 431  85  0 
-432 -88  0 
 432  88  0 
-433  431  432  0 
 433 -431  0 
 433 -432  0 
-434 -86  0 
 434  86  0 
-435 -87  0 
 435  87  0 
-436  434  435  0 
 436 -434  0 
 436 -435  0 
-437 -86  0 
 437  86  0 
-438 -88  0 
 438  88  0 
-439  437  438  0 
 439 -437  0 
 439 -438  0 
-440 -87  0 
 440  87  0 
-441 -88  0 
 441  88  0 
-442  440  441  0 
 442 -440  0 
 442 -441  0 
-443 -92  0 
 443  92  0 
-444 -93  0 
 444  93  0 
-445  443  444  0 
 445 -443  0 
 445 -444  0 
-446 -92  0 
 446  92  0 
-447 -94  0 
 447  94  0 
-448  446  447  0 
 448 -446  0 
 448 -447  0 
-449 -92  0 
 449  92  0 
-450 -95  0 
 450  95  0 
-451  449  450  0 
 451 -449  0 
 451 -450  0 
-452 -93  0 
 452  93  0 
-453 -94  0 
 453  94  0 
-454  452  453  0 
 454 -452  0 
 454 -453  0 
-455 -93  0 
 455  93  0 
-456 -95  0 
 456  95  0 
-457  455  456  0 
 457 -455  0 
 457 -456  0 
-458 -94  0 
 458  94  0 
-459 -95  0 
 459  95  0 
-460  458  459  0 
 460 -458  0 
 460 -459  0 
-461 -99  0 
 461  99  0 
-462 -100  0 
 462  100  0 
-463  461  462  0 
 463 -461  0 
 463 -462  0 
-464 -99  0 
 464  99  0 
-465 -101  0 
 465  101  0 
-466  464  465  0 
 466 -464  0 
 466 -465  0 
-467 -99  0 
 467  99  0 
-468 -102  0 
 468  102  0 
-469  467  468  0 
 469 -467  0 
 469 -468  0 
-470 -100  0 
 470  100  0 
-471 -101  0 
 471  101  0 
-472  470  471  0 
 472 -470  0 
 472 -471  0 
-473 -100  0 
 473  100  0 
-474 -102  0 
 474  102  0 
-475  473  474  0 
 475 -473  0 
 475 -474  0 
-476 -101  0 
 476  101  0 
-477 -102  0 
 477  102  0 
-478  476  477  0 
 478 -476  0 
 478 -477  0 
-479 -106  0 
 479  106  0 
-480 -107  0 
 480  107  0 
-481  479  480  0 
 481 -479  0 
 481 -480  0 
-482 -106  0 
 482  106  0 
-483 -108  0 
 483  108  0 
-484  482  483  0 
 484 -482  0 
 484 -483  0 
-485 -106  0 
 485  106  0 
-486 -109  0 
 486  109  0 
-487  485  486  0 
 487 -485  0 
 487 -486  0 
-488 -107  0 
 488  107  0 
-489 -108  0 
 489  108  0 
-490  488  489  0 
 490 -488  0 
 490 -489  0 
-491 -107  0 
 491  107  0 
-492 -109  0 
 492  109  0 
-493  491  492  0 
 493 -491  0 
 493 -492  0 
-494 -108  0 
 494  108  0 
-495 -109  0 
 495  109  0 
-496  494  495  0 
 496 -494  0 
 496 -495  0 
 497 -493 -496  0 
-497  493  0 
-497  496  0 
 498 -490 -497  0 
-498  490  0 
-498  497  0 
 499 -487 -498  0 
-499  487  0 
-499  498  0 
 500 -484 -499  0 
-500  484  0 
-500  499  0 
 501 -481 -500  0 
-501  481  0 
-501  500  0 
 502 -478 -501  0 
-502  478  0 
-502  501  0 
 503 -475 -502  0 
-503  475  0 
-503  502  0 
 504 -472 -503  0 
-504  472  0 
-504  503  0 
 505 -469 -504  0 
-505  469  0 
-505  504  0 
 506 -466 -505  0 
-506  466  0 
-506  505  0 
 507 -463 -506  0 
-507  463  0 
-507  506  0 
 508 -460 -507  0 
-508  460  0 
-508  507  0 
 509 -457 -508  0 
-509  457  0 
-509  508  0 
 510 -454 -509  0 
-510  454  0 
-510  509  0 
 511 -451 -510  0 
-511  451  0 
-511  510  0 
 512 -448 -511  0 
-512  448  0 
-512  511  0 
 513 -445 -512  0 
-513  445  0 
-513  512  0 
 514 -442 -513  0 
-514  442  0 
-514  513  0 
 515 -439 -514  0 
-515  439  0 
-515  514  0 
 516 -436 -515  0 
-516  436  0 
-516  515  0 
 517 -433 -516  0 
-517  433  0 
-517  516  0 
 518 -430 -517  0 
-518  430  0 
-518  517  0 
 519 -427 -518  0 
-519  427  0 
-519  518  0 
 520 -424 -519  0 
-520  424  0 
-520  519  0 
 521 -421 -520  0 
-521  421  0 
-521  520  0 
 522 -418 -521  0 
-522  418  0 
-522  521  0 
 523 -415 -522  0 
-523  415  0 
-523  522  0 
 524 -412 -523  0 
-524  412  0 
-524  523  0 
 525 -409 -524  0 
-525  409  0 
-525  524  0 
 526 -406 -525  0 
-526  406  0 
-526  525  0 
 527 -403 -526  0 
-527  403  0 
-527  526  0 
 528 -400 -527  0 
-528  400  0 
-528  527  0 
 529 -397 -528  0 
-529  397  0 
-529  528  0 
 530 -394 -529  0 
-530  394  0 
-530  529  0 
 531 -391 -530  0 
-531  391  0 
-531  530  0 
 532 -388 -531  0 
-532  388  0 
-532  531  0 
 533 -385 -532  0 
-533  385  0 
-533  532  0 
 534 -382 -533  0 
-534  382  0 
-534  533  0 
 535 -379 -534  0 
-535  379  0 
-535  534  0 
 536 -376 -535  0 
-536  376  0 
-536  535  0 
 537 -373 -536  0 
-537  373  0 
-537  536  0 
 538 -370 -537  0 
-538  370  0 
-538  537  0 
 539 -367 -538  0 
-539  367  0 
-539  538  0 
 540 -364 -539  0 
-540  364  0 
-540  539  0 
 541 -361 -540  0 
-541  361  0 
-541  540  0 
 542 -358 -541  0 
-542  358  0 
-542  541  0 
 543 -355 -542  0 
-543  355  0 
-543  542  0 
 544 -352 -543  0 
-544  352  0 
-544  543  0 
 545 -349 -544  0 
-545  349  0 
-545  544  0 
 546 -346 -545  0 
-546  346  0 
-546  545  0 
 547 -343 -546  0 
-547  343  0 
-547  546  0 
 548 -340 -547  0 
-548  340  0 
-548  547  0 
 549 -337 -548  0 
-549  337  0 
-549  548  0 
 550 -334 -549  0 
-550  334  0 
-550  549  0 
 551 -331 -550  0 
-551  331  0 
-551  550  0 
 552 -328 -551  0 
-552  328  0 
-552  551  0 
 553 -325 -552  0 
-553  325  0 
-553  552  0 
 554 -322 -553  0 
-554  322  0 
-554  553  0 
 555 -319 -554  0 
-555  319  0 
-555  554  0 
 556 -316 -555  0 
-556  316  0 
-556  555  0 
 557 -313 -556  0 
-557  313  0 
-557  556  0 
 558 -310 -557  0 
-558  310  0 
-558  557  0 
 559 -307 -558  0 
-559  307  0 
-559  558  0 
 560 -304 -559  0 
-560  304  0 
-560  559  0 
 561 -301 -560  0 
-561  301  0 
-561  560  0 
 562 -298 -561  0 
-562  298  0 
-562  561  0 
 563 -295 -562  0 
-563  295  0 
-563  562  0 
 564 -292 -563  0 
-564  292  0 
-564  563  0 
 565 -289 -564  0 
-565  289  0 
-565  564  0 
 566 -286 -565  0 
-566  286  0 
-566  565  0 
 567 -283 -566  0 
-567  283  0 
-567  566  0 
 568 -280 -567  0 
-568  280  0 
-568  567  0 
 569 -277 -568  0 
-569  277  0 
-569  568  0 
 570 -274 -569  0 
-570  274  0 
-570  569  0 
 571 -271 -570  0 
-571  271  0 
-571  570  0 
 572 -268 -571  0 
-572  268  0 
-572  571  0 
 573 -265 -572  0 
-573  265  0 
-573  572  0 
 574 -262 -573  0 
-574  262  0 
-574  573  0 
 575 -259 -574  0 
-575  259  0 
-575  574  0 
 576 -256 -575  0 
-576  256  0 
-576  575  0 
 577 -253 -576  0 
-577  253  0 
-577  576  0 
 578 -250 -577  0 
-578  250  0 
-578  577  0 
 579 -247 -578  0 
-579  247  0 
-579  578  0 
 580 -244 -579  0 
-580  244  0 
-580  579  0 
 581 -241 -580  0 
-581  241  0 
-581  580  0 
 582 -238 -581  0 
-582  238  0 
-582  581  0 
 583 -235 -582  0 
-583  235  0 
-583  582  0 
 584 -232 -583  0 
-584  232  0 
-584  583  0 
 585 -229 -584  0 
-585  229  0 
-585  584  0 
 586 -226 -585  0 
-586  226  0 
-586  585  0 
 587 -223 -586  0 
-587  223  0 
-587  586  0 
 588 -220 -587  0 
-588  220  0 
-588  587  0 
 589 -217 -588  0 
-589  217  0 
-589  588  0 
 590 -214 -589  0 
-590  214  0 
-590  589  0 
 591 -211 -590  0 
-591  211  0 
-591  590  0 
 592 -208 -591  0 
-592  208  0 
-592  591  0 
 593 -205 -592  0 
-593  205  0 
-593  592  0 
 594 -202 -593  0 
-594  202  0 
-594  593  0 
 595 -199 -594  0 
-595  199  0 
-595  594  0 
 596 -196 -595  0 
-596  196  0 
-596  595  0 
 597 -193 -596  0 
-597  193  0 
-597  596  0 
 598 -190 -597  0 
-598  190  0 
-598  597  0 
 599 -187 -598  0 
-599  187  0 
-599  598  0 
 600 -184 -599  0 
-600  184  0 
-600  599  0 
 601 -181 -600  0 
-601  181  0 
-601  600  0 
 602 -178 -601  0 
-602  178  0 
-602  601  0 
 603 -175 -602  0 
-603  175  0 
-603  602  0 
 604 -172 -603  0 
-604  172  0 
-604  603  0 
 605 -169 -604  0 
-605  169  0 
-605  604  0 
 606 -166 -605  0 
-606  166  0 
-606  605  0 
 607 -163 -606  0 
-607  163  0 
-607  606  0 
 608 -160 -607  0 
-608  160  0 
-608  607  0 
 609 -157 -608  0 
-609  157  0 
-609  608  0 
 610 -154 -609  0 
-610  154  0 
-610  609  0 
 611 -151 -610  0 
-611  151  0 
-611  610  0 
 612 -148 -611  0 
-612  148  0 
-612  611  0 
 613 -145 -612  0 
-613  145  0 
-613  612  0 
 614 -142 -613  0 
-614  142  0 
-614  613  0 
 615 -139 -614  0 
-615  139  0 
-615  614  0 
 616 -136 -615  0 
-616  136  0 
-616  615  0 
 617 -133 -616  0 
-617  133  0 
-617  616  0 
 618 -130 -617  0 
-618  130  0 
-618  617  0 
 619 -127 -618  0 
-619  127  0 
-619  618  0 
 620 -124 -619  0 
-620  124  0 
-620  619  0 
 621 -121 -620  0 
-621  121  0 
-621  620  0 
 622 -118 -621  0 
-622  118  0 
-622  621  0 
 623 -115 -622  0 
-623  115  0 
-623  622  0 
 624 -112 -623  0 
-624  112  0 
-624  623  0 
 625 -105 -624  0 
-625  105  0 
-625  624  0 
 626 -98 -625  0 
-626  98  0 
-626  625  0 
 627 -91 -626  0 
-627  91  0 
-627  626  0 
 628 -84 -627  0 
-628  84  0 
-628  627  0 
 629 -77 -628  0 
-629  77  0 
-629  628  0 
 630 -70 -629  0 
-630  70  0 
-630  629  0 
 631 -63 -630  0 
-631  63  0 
-631  630  0 
 632 -56 -631  0 
-632  56  0 
-632  631  0 
 633 -49 -632  0 
-633  49  0 
-633  632  0 
 634 -42 -633  0 
-634  42  0 
-634  633  0 
 635 -35 -634  0 
-635  35  0 
-635  634  0 
 636 -28 -635  0 
-636  28  0 
-636  635  0 
 637 -21 -636  0 
-637  21  0 
-637  636  0 
 638 -14 -637  0 
-638  14  0 
-638  637  0 
 639 -7 -638  0 
-639  7  0 
-639  638  0 
 639  0 
